<?xml version="1.0" encoding="UTF-8"?>
<!-- Generated by org.testng.reporters.JUnitReportReporter -->
<testsuite hostname="LAPTOP-7CCP64ET" failures="0" tests="2" name="Test.Basics" time="0.033" errors="0" timestamp="2025-03-07T13:40:17 IST" skipped="0">
  <testcase classname="Test.Basics" name="test3" time="0.007"/>
  <system-out/>
  <testcase classname="Test.Basics" name="test1" time="0.026"/>
  <system-out/>
</testsuite> <!-- Test.Basics -->
