<?xml version="1.0" encoding="UTF-8"?>
<!-- Generated by org.testng.reporters.JUnitReportReporter -->
<testsuite hostname="LAPTOP-7CCP64ET" failures="0" tests="1" name="Test.Basics2" time="0.010" errors="0" timestamp="2025-03-07T13:40:17 IST" skipped="0">
  <testcase classname="Test.Basics2" name="test5" time="0.010"/>
  <system-out/>
</testsuite> <!-- Test.Basics2 -->
